<?xml version="1.0" encoding="UTF-8"?>
<!-- Generated by org.testng.reporters.JUnitReportReporter -->
<testsuite hostname="INL854M4M2" failures="0" tests="1" name="tests.GamesRegistrationTest" time="26.031" errors="0" timestamp="06 Mar 2021 10:06:02 GMT" skipped="0">
  <testcase classname="tests.GamesRegistrationTest" name="searchForWebsitePassingTest" time="26.031"/>
</testsuite> <!-- tests.GamesRegistrationTest -->
